<?xml version="1.0" encoding="UTF-8"?>
<testsuite xmlns:xsi="http://www.w3.org/2001/XMLSchema-instance" xsi:noNamespaceSchemaLocation="https://maven.apache.org/surefire/maven-surefire-plugin/xsd/surefire-test-report-3.0.xsd" version="3.0" name="org.acme.GreetingResourceTest" time="2.844" tests="1" errors="0" skipped="0" failures="0">
  <properties>
    <property name="java.specification.version" value="14"/>
    <property name="test.url" value="http://localhost:8081"/>
    <property name="sun.jnu.encoding" value="UTF-8"/>
    <property name="java.class.path" value="/Users/craigklinker/GitHub/restGen/target/test-classes:/Users/craigklinker/GitHub/restGen/target/classes:/Users/craigklinker/.m2/repository/io/quarkus/quarkus-arc/2.10.0.Final/quarkus-arc-2.10.0.Final.jar:/Users/craigklinker/.m2/repository/io/quarkus/arc/arc/2.10.0.Final/arc-2.10.0.Final.jar:/Users/craigklinker/.m2/repository/jakarta/enterprise/jakarta.enterprise.cdi-api/2.0.2/jakarta.enterprise.cdi-api-2.0.2.jar:/Users/craigklinker/.m2/repository/jakarta/el/jakarta.el-api/3.0.3/jakarta.el-api-3.0.3.jar:/Users/craigklinker/.m2/repository/jakarta/interceptor/jakarta.interceptor-api/1.2.5/jakarta.interceptor-api-1.2.5.jar:/Users/craigklinker/.m2/repository/jakarta/annotation/jakarta.annotation-api/1.3.5/jakarta.annotation-api-1.3.5.jar:/Users/craigklinker/.m2/repository/jakarta/transaction/jakarta.transaction-api/1.3.3/jakarta.transaction-api-1.3.3.jar:/Users/craigklinker/.m2/repository/org/jboss/logging/jboss-logging/3.5.0.Final/jboss-logging-3.5.0.Final.jar:/Users/craigklinker/.m2/repository/io/quarkus/quarkus-core/2.10.0.Final/quarkus-core-2.10.0.Final.jar:/Users/craigklinker/.m2/repository/jakarta/inject/jakarta.inject-api/1.0/jakarta.inject-api-1.0.jar:/Users/craigklinker/.m2/repository/io/quarkus/quarkus-ide-launcher/2.10.0.Final/quarkus-ide-launcher-2.10.0.Final.jar:/Users/craigklinker/.m2/repository/io/quarkus/quarkus-development-mode-spi/2.10.0.Final/quarkus-development-mode-spi-2.10.0.Final.jar:/Users/craigklinker/.m2/repository/io/smallrye/config/smallrye-config/2.10.1/smallrye-config-2.10.1.jar:/Users/craigklinker/.m2/repository/io/smallrye/config/smallrye-config-core/2.10.1/smallrye-config-core-2.10.1.jar:/Users/craigklinker/.m2/repository/org/eclipse/microprofile/config/microprofile-config-api/2.0.1/microprofile-config-api-2.0.1.jar:/Users/craigklinker/.m2/repository/io/smallrye/common/smallrye-common-expression/1.12.0/smallrye-common-expression-1.12.0.jar:/Users/craigklinker/.m2/repository/io/smallrye/common/smallrye-common-function/1.12.0/smallrye-common-function-1.12.0.jar:/Users/craigklinker/.m2/repository/io/smallrye/common/smallrye-common-classloader/1.12.0/smallrye-common-classloader-1.12.0.jar:/Users/craigklinker/.m2/repository/io/smallrye/config/smallrye-config-common/2.10.1/smallrye-config-common-2.10.1.jar:/Users/craigklinker/.m2/repository/org/jboss/logmanager/jboss-logmanager-embedded/1.0.10/jboss-logmanager-embedded-1.0.10.jar:/Users/craigklinker/.m2/repository/org/jboss/logging/jboss-logging-annotations/2.2.1.Final/jboss-logging-annotations-2.2.1.Final.jar:/Users/craigklinker/.m2/repository/org/jboss/threads/jboss-threads/3.4.2.Final/jboss-threads-3.4.2.Final.jar:/Users/craigklinker/.m2/repository/org/slf4j/slf4j-api/1.7.36/slf4j-api-1.7.36.jar:/Users/craigklinker/.m2/repository/org/jboss/slf4j/slf4j-jboss-logmanager/1.1.0.Final/slf4j-jboss-logmanager-1.1.0.Final.jar:/Users/craigklinker/.m2/repository/org/graalvm/sdk/graal-sdk/22.1.0/graal-sdk-22.1.0.jar:/Users/craigklinker/.m2/repository/org/wildfly/common/wildfly-common/1.5.4.Final-format-001/wildfly-common-1.5.4.Final-format-001.jar:/Users/craigklinker/.m2/repository/io/quarkus/quarkus-bootstrap-runner/2.10.0.Final/quarkus-bootstrap-runner-2.10.0.Final.jar:/Users/craigklinker/.m2/repository/io/quarkus/quarkus-fs-util/0.0.9/quarkus-fs-util-0.0.9.jar:/Users/craigklinker/.m2/repository/org/eclipse/microprofile/context-propagation/microprofile-context-propagation-api/1.2/microprofile-context-propagation-api-1.2.jar:/Users/craigklinker/.m2/repository/io/quarkus/quarkus-resteasy-reactive/2.10.0.Final/quarkus-resteasy-reactive-2.10.0.Final.jar:/Users/craigklinker/.m2/repository/io/quarkus/quarkus-resteasy-reactive-common/2.10.0.Final/quarkus-resteasy-reactive-common-2.10.0.Final.jar:/Users/craigklinker/.m2/repository/io/quarkus/resteasy/reactive/resteasy-reactive-common/2.10.0.Final/resteasy-reactive-common-2.10.0.Final.jar:/Users/craigklinker/.m2/repository/io/smallrye/reactive/mutiny/1.5.0/mutiny-1.5.0.jar:/Users/craigklinker/.m2/repository/org/reactivestreams/reactive-streams/1.0.3/reactive-streams-1.0.3.jar:/Users/craigklinker/.m2/repository/io/smallrye/common/smallrye-common-annotation/1.12.0/smallrye-common-annotation-1.12.0.jar:/Users/craigklinker/.m2/repository/io/quarkus/quarkus-mutiny/2.10.0.Final/quarkus-mutiny-2.10.0.Final.jar:/Users/craigklinker/.m2/repository/io/quarkus/quarkus-smallrye-context-propagation/2.10.0.Final/quarkus-smallrye-context-propagation-2.10.0.Final.jar:/Users/craigklinker/.m2/repository/io/smallrye/smallrye-context-propagation/1.2.2/smallrye-context-propagation-1.2.2.jar:/Users/craigklinker/.m2/repository/io/smallrye/smallrye-context-propagation-api/1.2.2/smallrye-context-propagation-api-1.2.2.jar:/Users/craigklinker/.m2/repository/io/smallrye/smallrye-context-propagation-storage/1.2.2/smallrye-context-propagation-storage-1.2.2.jar:/Users/craigklinker/.m2/repository/io/smallrye/reactive/mutiny-smallrye-context-propagation/1.5.0/mutiny-smallrye-context-propagation-1.5.0.jar:/Users/craigklinker/.m2/repository/io/quarkus/quarkus-vertx/2.10.0.Final/quarkus-vertx-2.10.0.Final.jar:/Users/craigklinker/.m2/repository/io/quarkus/quarkus-netty/2.10.0.Final/quarkus-netty-2.10.0.Final.jar:/Users/craigklinker/.m2/repository/io/netty/netty-codec/4.1.74.Final/netty-codec-4.1.74.Final.jar:/Users/craigklinker/.m2/repository/io/netty/netty-codec-http/4.1.74.Final/netty-codec-http-4.1.74.Final.jar:/Users/craigklinker/.m2/repository/io/netty/netty-codec-http2/4.1.74.Final/netty-codec-http2-4.1.74.Final.jar:/Users/craigklinker/.m2/repository/io/netty/netty-handler/4.1.74.Final/netty-handler-4.1.74.Final.jar:/Users/craigklinker/.m2/repository/io/netty/netty-tcnative-classes/2.0.48.Final/netty-tcnative-classes-2.0.48.Final.jar:/Users/craigklinker/.m2/repository/io/netty/netty-codec-haproxy/4.1.74.Final/netty-codec-haproxy-4.1.74.Final.jar:/Users/craigklinker/.m2/repository/io/netty/netty-buffer/4.1.74.Final/netty-buffer-4.1.74.Final.jar:/Users/craigklinker/.m2/repository/io/netty/netty-transport/4.1.74.Final/netty-transport-4.1.74.Final.jar:/Users/craigklinker/.m2/repository/io/smallrye/smallrye-fault-tolerance-vertx/5.4.0/smallrye-fault-tolerance-vertx-5.4.0.jar:/Users/craigklinker/.m2/repository/io/quarkus/resteasy/reactive/resteasy-reactive-vertx/2.10.0.Final/resteasy-reactive-vertx-2.10.0.Final.jar:/Users/craigklinker/.m2/repository/io/vertx/vertx-web/4.2.7/vertx-web-4.2.7.jar:/Users/craigklinker/.m2/repository/io/vertx/vertx-web-common/4.2.7/vertx-web-common-4.2.7.jar:/Users/craigklinker/.m2/repository/io/vertx/vertx-auth-common/4.2.7/vertx-auth-common-4.2.7.jar:/Users/craigklinker/.m2/repository/io/vertx/vertx-bridge-common/4.2.7/vertx-bridge-common-4.2.7.jar:/Users/craigklinker/.m2/repository/io/vertx/vertx-core/4.2.7/vertx-core-4.2.7.jar:/Users/craigklinker/.m2/repository/io/netty/netty-common/4.1.74.Final/netty-common-4.1.74.Final.jar:/Users/craigklinker/.m2/repository/io/netty/netty-handler-proxy/4.1.74.Final/netty-handler-proxy-4.1.74.Final.jar:/Users/craigklinker/.m2/repository/io/netty/netty-codec-socks/4.1.74.Final/netty-codec-socks-4.1.74.Final.jar:/Users/craigklinker/.m2/repository/io/netty/netty-resolver/4.1.74.Final/netty-resolver-4.1.74.Final.jar:/Users/craigklinker/.m2/repository/io/netty/netty-resolver-dns/4.1.74.Final/netty-resolver-dns-4.1.74.Final.jar:/Users/craigklinker/.m2/repository/io/netty/netty-codec-dns/4.1.74.Final/netty-codec-dns-4.1.74.Final.jar:/Users/craigklinker/.m2/repository/com/fasterxml/jackson/core/jackson-core/2.13.3/jackson-core-2.13.3.jar:/Users/craigklinker/.m2/repository/io/smallrye/reactive/smallrye-mutiny-vertx-core/2.22.0/smallrye-mutiny-vertx-core-2.22.0.jar:/Users/craigklinker/.m2/repository/io/smallrye/reactive/smallrye-mutiny-vertx-runtime/2.22.0/smallrye-mutiny-vertx-runtime-2.22.0.jar:/Users/craigklinker/.m2/repository/io/smallrye/reactive/vertx-mutiny-generator/2.22.0/vertx-mutiny-generator-2.22.0.jar:/Users/craigklinker/.m2/repository/io/vertx/vertx-codegen/4.2.7/vertx-codegen-4.2.7.jar:/Users/craigklinker/.m2/repository/io/quarkus/resteasy/reactive/resteasy-reactive/2.10.0.Final/resteasy-reactive-2.10.0.Final.jar:/Users/craigklinker/.m2/repository/org/jboss/spec/javax/ws/rs/jboss-jaxrs-api_2.1_spec/2.0.1.Final/jboss-jaxrs-api_2.1_spec-2.0.1.Final.jar:/Users/craigklinker/.m2/repository/org/jboss/logging/commons-logging-jboss-logging/1.0.0.Final/commons-logging-jboss-logging-1.0.0.Final.jar:/Users/craigklinker/.m2/repository/io/quarkus/quarkus-vertx-http/2.10.0.Final/quarkus-vertx-http-2.10.0.Final.jar:/Users/craigklinker/.m2/repository/io/quarkus/quarkus-security-runtime-spi/2.10.0.Final/quarkus-security-runtime-spi-2.10.0.Final.jar:/Users/craigklinker/.m2/repository/io/smallrye/common/smallrye-common-vertx-context/1.12.0/smallrye-common-vertx-context-1.12.0.jar:/Users/craigklinker/.m2/repository/io/smallrye/common/smallrye-common-constraint/1.12.0/smallrye-common-constraint-1.12.0.jar:/Users/craigklinker/.m2/repository/io/quarkus/quarkus-vertx-http-dev-console-runtime-spi/2.10.0.Final/quarkus-vertx-http-dev-console-runtime-spi-2.10.0.Final.jar:/Users/craigklinker/.m2/repository/io/quarkus/security/quarkus-security/1.1.4.Final/quarkus-security-1.1.4.Final.jar:/Users/craigklinker/.m2/repository/io/smallrye/reactive/smallrye-mutiny-vertx-web/2.22.0/smallrye-mutiny-vertx-web-2.22.0.jar:/Users/craigklinker/.m2/repository/io/smallrye/reactive/smallrye-mutiny-vertx-web-common/2.22.0/smallrye-mutiny-vertx-web-common-2.22.0.jar:/Users/craigklinker/.m2/repository/io/smallrye/reactive/smallrye-mutiny-vertx-auth-common/2.22.0/smallrye-mutiny-vertx-auth-common-2.22.0.jar:/Users/craigklinker/.m2/repository/io/smallrye/reactive/smallrye-mutiny-vertx-bridge-common/2.22.0/smallrye-mutiny-vertx-bridge-common-2.22.0.jar:/Users/craigklinker/.m2/repository/io/github/crac/org-crac/0.1.1/org-crac-0.1.1.jar:/Users/craigklinker/.m2/repository/io/quarkus/quarkus-jsonp/2.10.0.Final/quarkus-jsonp-2.10.0.Final.jar:/Users/craigklinker/.m2/repository/org/glassfish/jakarta.json/1.1.6/jakarta.json-1.1.6.jar:/Users/craigklinker/.m2/repository/io/quarkus/quarkus-junit5/2.10.0.Final/quarkus-junit5-2.10.0.Final.jar:/Users/craigklinker/.m2/repository/io/quarkus/quarkus-bootstrap-core/2.10.0.Final/quarkus-bootstrap-core-2.10.0.Final.jar:/Users/craigklinker/.m2/repository/io/quarkus/quarkus-bootstrap-app-model/2.10.0.Final/quarkus-bootstrap-app-model-2.10.0.Final.jar:/Users/craigklinker/.m2/repository/io/quarkus/quarkus-bootstrap-maven-resolver/2.10.0.Final/quarkus-bootstrap-maven-resolver-2.10.0.Final.jar:/Users/craigklinker/.m2/repository/org/apache/maven/maven-embedder/3.8.4/maven-embedder-3.8.4.jar:/Users/craigklinker/.m2/repository/org/apache/maven/maven-settings/3.8.4/maven-settings-3.8.4.jar:/Users/craigklinker/.m2/repository/org/apache/maven/maven-core/3.8.4/maven-core-3.8.4.jar:/Users/craigklinker/.m2/repository/org/apache/maven/maven-artifact/3.8.4/maven-artifact-3.8.4.jar:/Users/craigklinker/.m2/repository/org/codehaus/plexus/plexus-component-annotations/2.1.0/plexus-component-annotations-2.1.0.jar:/Users/craigklinker/.m2/repository/org/apache/maven/maven-plugin-api/3.8.4/maven-plugin-api-3.8.4.jar:/Users/craigklinker/.m2/repository/org/apache/maven/maven-model/3.8.4/maven-model-3.8.4.jar:/Users/craigklinker/.m2/repository/org/apache/maven/maven-model-builder/3.8.4/maven-model-builder-3.8.4.jar:/Users/craigklinker/.m2/repository/org/apache/maven/maven-builder-support/3.8.4/maven-builder-support-3.8.4.jar:/Users/craigklinker/.m2/repository/org/apache/maven/resolver/maven-resolver-api/1.6.3/maven-resolver-api-1.6.3.jar:/Users/craigklinker/.m2/repository/org/apache/maven/resolver/maven-resolver-util/1.6.3/maven-resolver-util-1.6.3.jar:/Users/craigklinker/.m2/repository/org/apache/maven/shared/maven-shared-utils/3.3.4/maven-shared-utils-3.3.4.jar:/Users/craigklinker/.m2/repository/commons-io/commons-io/2.11.0/commons-io-2.11.0.jar:/Users/craigklinker/.m2/repository/com/google/inject/guice/4.2.2/guice-4.2.2-no_aop.jar:/Users/craigklinker/.m2/repository/com/google/guava/guava/31.1-jre/guava-31.1-jre.jar:/Users/craigklinker/.m2/repository/com/google/guava/failureaccess/1.0.1/failureaccess-1.0.1.jar:/Users/craigklinker/.m2/repository/org/codehaus/plexus/plexus-classworlds/2.6.0/plexus-classworlds-2.6.0.jar:/Users/craigklinker/.m2/repository/org/codehaus/plexus/plexus-sec-dispatcher/2.0/plexus-sec-dispatcher-2.0.jar:/Users/craigklinker/.m2/repository/org/codehaus/plexus/plexus-cipher/2.0/plexus-cipher-2.0.jar:/Users/craigklinker/.m2/repository/commons-cli/commons-cli/1.4/commons-cli-1.4.jar:/Users/craigklinker/.m2/repository/org/eclipse/sisu/org.eclipse.sisu.plexus/0.3.5/org.eclipse.sisu.plexus-0.3.5.jar:/Users/craigklinker/.m2/repository/org/apache/maven/maven-settings-builder/3.8.4/maven-settings-builder-3.8.4.jar:/Users/craigklinker/.m2/repository/org/codehaus/plexus/plexus-interpolation/1.26/plexus-interpolation-1.26.jar:/Users/craigklinker/.m2/repository/org/apache/maven/maven-resolver-provider/3.8.4/maven-resolver-provider-3.8.4.jar:/Users/craigklinker/.m2/repository/org/apache/maven/maven-repository-metadata/3.8.4/maven-repository-metadata-3.8.4.jar:/Users/craigklinker/.m2/repository/org/apache/maven/resolver/maven-resolver-spi/1.6.3/maven-resolver-spi-1.6.3.jar:/Users/craigklinker/.m2/repository/org/apache/maven/resolver/maven-resolver-impl/1.6.3/maven-resolver-impl-1.6.3.jar:/Users/craigklinker/.m2/repository/org/codehaus/plexus/plexus-utils/3.3.0/plexus-utils-3.3.0.jar:/Users/craigklinker/.m2/repository/org/apache/maven/resolver/maven-resolver-connector-basic/1.6.3/maven-resolver-connector-basic-1.6.3.jar:/Users/craigklinker/.m2/repository/org/apache/maven/resolver/maven-resolver-transport-wagon/1.6.3/maven-resolver-transport-wagon-1.6.3.jar:/Users/craigklinker/.m2/repository/org/apache/maven/wagon/wagon-http/3.4.3/wagon-http-3.4.3.jar:/Users/craigklinker/.m2/repository/org/apache/maven/wagon/wagon-http-shared/3.4.3/wagon-http-shared-3.4.3.jar:/Users/craigklinker/.m2/repository/org/jsoup/jsoup/1.14.2/jsoup-1.14.2.jar:/Users/craigklinker/.m2/repository/org/apache/maven/wagon/wagon-provider-api/3.4.3/wagon-provider-api-3.4.3.jar:/Users/craigklinker/.m2/repository/org/apache/maven/wagon/wagon-file/3.4.3/wagon-file-3.4.3.jar:/Users/craigklinker/.m2/repository/io/quarkus/quarkus-bootstrap-gradle-resolver/2.10.0.Final/quarkus-bootstrap-gradle-resolver-2.10.0.Final.jar:/Users/craigklinker/.m2/repository/io/smallrye/common/smallrye-common-io/1.12.0/smallrye-common-io-1.12.0.jar:/Users/craigklinker/.m2/repository/org/eclipse/sisu/org.eclipse.sisu.inject/0.3.5/org.eclipse.sisu.inject-0.3.5.jar:/Users/craigklinker/.m2/repository/io/quarkus/quarkus-test-common/2.10.0.Final/quarkus-test-common-2.10.0.Final.jar:/Users/craigklinker/.m2/repository/io/quarkus/quarkus-core-deployment/2.10.0.Final/quarkus-core-deployment-2.10.0.Final.jar:/Users/craigklinker/.m2/repository/org/aesh/readline/2.2/readline-2.2.jar:/Users/craigklinker/.m2/repository/org/fusesource/jansi/jansi/1.18/jansi-1.18.jar:/Users/craigklinker/.m2/repository/org/aesh/aesh/2.6/aesh-2.6.jar:/Users/craigklinker/.m2/repository/io/quarkus/gizmo/gizmo/1.0.11.Final/gizmo-1.0.11.Final.jar:/Users/craigklinker/.m2/repository/org/ow2/asm/asm-util/9.3/asm-util-9.3.jar:/Users/craigklinker/.m2/repository/org/ow2/asm/asm/9.3/asm-9.3.jar:/Users/craigklinker/.m2/repository/org/ow2/asm/asm-commons/9.3/asm-commons-9.3.jar:/Users/craigklinker/.m2/repository/org/ow2/asm/asm-tree/9.3/asm-tree-9.3.jar:/Users/craigklinker/.m2/repository/org/ow2/asm/asm-analysis/9.3/asm-analysis-9.3.jar:/Users/craigklinker/.m2/repository/io/quarkus/quarkus-class-change-agent/2.10.0.Final/quarkus-class-change-agent-2.10.0.Final.jar:/Users/craigklinker/.m2/repository/io/quarkus/quarkus-devtools-utilities/2.10.0.Final/quarkus-devtools-utilities-2.10.0.Final.jar:/Users/craigklinker/.m2/repository/io/quarkus/quarkus-builder/2.10.0.Final/quarkus-builder-2.10.0.Final.jar:/Users/craigklinker/.m2/repository/org/junit/platform/junit-platform-launcher/1.8.2/junit-platform-launcher-1.8.2.jar:/Users/craigklinker/.m2/repository/org/jboss/jandex/2.4.2.Final/jandex-2.4.2.Final.jar:/Users/craigklinker/.m2/repository/io/quarkus/quarkus-junit5-properties/2.10.0.Final/quarkus-junit5-properties-2.10.0.Final.jar:/Users/craigklinker/.m2/repository/org/junit/jupiter/junit-jupiter/5.8.2/junit-jupiter-5.8.2.jar:/Users/craigklinker/.m2/repository/org/junit/jupiter/junit-jupiter-api/5.8.2/junit-jupiter-api-5.8.2.jar:/Users/craigklinker/.m2/repository/org/opentest4j/opentest4j/1.2.0/opentest4j-1.2.0.jar:/Users/craigklinker/.m2/repository/org/junit/platform/junit-platform-commons/1.8.2/junit-platform-commons-1.8.2.jar:/Users/craigklinker/.m2/repository/org/apiguardian/apiguardian-api/1.1.2/apiguardian-api-1.1.2.jar:/Users/craigklinker/.m2/repository/org/junit/jupiter/junit-jupiter-params/5.8.2/junit-jupiter-params-5.8.2.jar:/Users/craigklinker/.m2/repository/org/junit/jupiter/junit-jupiter-engine/5.8.2/junit-jupiter-engine-5.8.2.jar:/Users/craigklinker/.m2/repository/org/junit/platform/junit-platform-engine/1.8.2/junit-platform-engine-1.8.2.jar:/Users/craigklinker/.m2/repository/com/thoughtworks/xstream/xstream/1.4.19/xstream-1.4.19.jar:/Users/craigklinker/.m2/repository/io/github/x-stream/mxparser/1.2.2/mxparser-1.2.2.jar:/Users/craigklinker/.m2/repository/xmlpull/xmlpull/1.1.3.1/xmlpull-1.1.3.1.jar:/Users/craigklinker/.m2/repository/io/rest-assured/rest-assured/4.5.1/rest-assured-4.5.1.jar:/Users/craigklinker/.m2/repository/org/codehaus/groovy/groovy/3.0.9/groovy-3.0.9.jar:/Users/craigklinker/.m2/repository/org/codehaus/groovy/groovy-xml/3.0.9/groovy-xml-3.0.9.jar:/Users/craigklinker/.m2/repository/org/apache/httpcomponents/httpclient/4.5.13/httpclient-4.5.13.jar:/Users/craigklinker/.m2/repository/org/apache/httpcomponents/httpcore/4.4.15/httpcore-4.4.15.jar:/Users/craigklinker/.m2/repository/commons-codec/commons-codec/1.15/commons-codec-1.15.jar:/Users/craigklinker/.m2/repository/org/apache/httpcomponents/httpmime/4.5.13/httpmime-4.5.13.jar:/Users/craigklinker/.m2/repository/org/hamcrest/hamcrest/2.1/hamcrest-2.1.jar:/Users/craigklinker/.m2/repository/org/ccil/cowan/tagsoup/tagsoup/1.2.1/tagsoup-1.2.1.jar:/Users/craigklinker/.m2/repository/io/rest-assured/json-path/4.5.1/json-path-4.5.1.jar:/Users/craigklinker/.m2/repository/org/codehaus/groovy/groovy-json/3.0.9/groovy-json-3.0.9.jar:/Users/craigklinker/.m2/repository/io/rest-assured/rest-assured-common/4.5.1/rest-assured-common-4.5.1.jar:/Users/craigklinker/.m2/repository/io/rest-assured/xml-path/4.5.1/xml-path-4.5.1.jar:/Users/craigklinker/.m2/repository/org/apache/commons/commons-lang3/3.12.0/commons-lang3-3.12.0.jar:"/>
    <property name="java.vm.vendor" value="Oracle Corporation"/>
    <property name="sun.arch.data.model" value="64"/>
    <property name="java.vendor.url" value="https://java.oracle.com/"/>
    <property name="user.timezone" value="Europe/Lisbon"/>
    <property name="os.name" value="Mac OS X"/>
    <property name="java.vm.specification.version" value="14"/>
    <property name="sun.java.launcher" value="SUN_STANDARD"/>
    <property name="user.country" value="US"/>
    <property name="sun.boot.library.path" value="/Users/craigklinker/Library/Java/JavaVirtualMachines/openjdk-14.0.1/Contents/Home/lib"/>
    <property name="sun.java.command" value="/Users/craigklinker/GitHub/restGen/target/surefire/surefirebooter-20220625174349486_3.jar /Users/craigklinker/GitHub/restGen/target/surefire 2022-06-25T17-43-49_303-jvmRun1 surefire-20220625174349486_1tmp surefire_0-20220625174349486_2tmp"/>
    <property name="http.nonProxyHosts" value="local|*.local|169.254/16|*.169.254/16"/>
    <property name="maven.home" value="/Users/craigklinker/.m2/wrapper/dists/apache-maven-3.8.4-bin/52ccbt68d252mdldqsfsn03jlf/apache-maven-3.8.4"/>
    <property name="jdk.debug" value="release"/>
    <property name="surefire.test.class.path" value="/Users/craigklinker/GitHub/restGen/target/test-classes:/Users/craigklinker/GitHub/restGen/target/classes:/Users/craigklinker/.m2/repository/io/quarkus/quarkus-arc/2.10.0.Final/quarkus-arc-2.10.0.Final.jar:/Users/craigklinker/.m2/repository/io/quarkus/arc/arc/2.10.0.Final/arc-2.10.0.Final.jar:/Users/craigklinker/.m2/repository/jakarta/enterprise/jakarta.enterprise.cdi-api/2.0.2/jakarta.enterprise.cdi-api-2.0.2.jar:/Users/craigklinker/.m2/repository/jakarta/el/jakarta.el-api/3.0.3/jakarta.el-api-3.0.3.jar:/Users/craigklinker/.m2/repository/jakarta/interceptor/jakarta.interceptor-api/1.2.5/jakarta.interceptor-api-1.2.5.jar:/Users/craigklinker/.m2/repository/jakarta/annotation/jakarta.annotation-api/1.3.5/jakarta.annotation-api-1.3.5.jar:/Users/craigklinker/.m2/repository/jakarta/transaction/jakarta.transaction-api/1.3.3/jakarta.transaction-api-1.3.3.jar:/Users/craigklinker/.m2/repository/org/jboss/logging/jboss-logging/3.5.0.Final/jboss-logging-3.5.0.Final.jar:/Users/craigklinker/.m2/repository/io/quarkus/quarkus-core/2.10.0.Final/quarkus-core-2.10.0.Final.jar:/Users/craigklinker/.m2/repository/jakarta/inject/jakarta.inject-api/1.0/jakarta.inject-api-1.0.jar:/Users/craigklinker/.m2/repository/io/quarkus/quarkus-ide-launcher/2.10.0.Final/quarkus-ide-launcher-2.10.0.Final.jar:/Users/craigklinker/.m2/repository/io/quarkus/quarkus-development-mode-spi/2.10.0.Final/quarkus-development-mode-spi-2.10.0.Final.jar:/Users/craigklinker/.m2/repository/io/smallrye/config/smallrye-config/2.10.1/smallrye-config-2.10.1.jar:/Users/craigklinker/.m2/repository/io/smallrye/config/smallrye-config-core/2.10.1/smallrye-config-core-2.10.1.jar:/Users/craigklinker/.m2/repository/org/eclipse/microprofile/config/microprofile-config-api/2.0.1/microprofile-config-api-2.0.1.jar:/Users/craigklinker/.m2/repository/io/smallrye/common/smallrye-common-expression/1.12.0/smallrye-common-expression-1.12.0.jar:/Users/craigklinker/.m2/repository/io/smallrye/common/smallrye-common-function/1.12.0/smallrye-common-function-1.12.0.jar:/Users/craigklinker/.m2/repository/io/smallrye/common/smallrye-common-classloader/1.12.0/smallrye-common-classloader-1.12.0.jar:/Users/craigklinker/.m2/repository/io/smallrye/config/smallrye-config-common/2.10.1/smallrye-config-common-2.10.1.jar:/Users/craigklinker/.m2/repository/org/jboss/logmanager/jboss-logmanager-embedded/1.0.10/jboss-logmanager-embedded-1.0.10.jar:/Users/craigklinker/.m2/repository/org/jboss/logging/jboss-logging-annotations/2.2.1.Final/jboss-logging-annotations-2.2.1.Final.jar:/Users/craigklinker/.m2/repository/org/jboss/threads/jboss-threads/3.4.2.Final/jboss-threads-3.4.2.Final.jar:/Users/craigklinker/.m2/repository/org/slf4j/slf4j-api/1.7.36/slf4j-api-1.7.36.jar:/Users/craigklinker/.m2/repository/org/jboss/slf4j/slf4j-jboss-logmanager/1.1.0.Final/slf4j-jboss-logmanager-1.1.0.Final.jar:/Users/craigklinker/.m2/repository/org/graalvm/sdk/graal-sdk/22.1.0/graal-sdk-22.1.0.jar:/Users/craigklinker/.m2/repository/org/wildfly/common/wildfly-common/1.5.4.Final-format-001/wildfly-common-1.5.4.Final-format-001.jar:/Users/craigklinker/.m2/repository/io/quarkus/quarkus-bootstrap-runner/2.10.0.Final/quarkus-bootstrap-runner-2.10.0.Final.jar:/Users/craigklinker/.m2/repository/io/quarkus/quarkus-fs-util/0.0.9/quarkus-fs-util-0.0.9.jar:/Users/craigklinker/.m2/repository/org/eclipse/microprofile/context-propagation/microprofile-context-propagation-api/1.2/microprofile-context-propagation-api-1.2.jar:/Users/craigklinker/.m2/repository/io/quarkus/quarkus-resteasy-reactive/2.10.0.Final/quarkus-resteasy-reactive-2.10.0.Final.jar:/Users/craigklinker/.m2/repository/io/quarkus/quarkus-resteasy-reactive-common/2.10.0.Final/quarkus-resteasy-reactive-common-2.10.0.Final.jar:/Users/craigklinker/.m2/repository/io/quarkus/resteasy/reactive/resteasy-reactive-common/2.10.0.Final/resteasy-reactive-common-2.10.0.Final.jar:/Users/craigklinker/.m2/repository/io/smallrye/reactive/mutiny/1.5.0/mutiny-1.5.0.jar:/Users/craigklinker/.m2/repository/org/reactivestreams/reactive-streams/1.0.3/reactive-streams-1.0.3.jar:/Users/craigklinker/.m2/repository/io/smallrye/common/smallrye-common-annotation/1.12.0/smallrye-common-annotation-1.12.0.jar:/Users/craigklinker/.m2/repository/io/quarkus/quarkus-mutiny/2.10.0.Final/quarkus-mutiny-2.10.0.Final.jar:/Users/craigklinker/.m2/repository/io/quarkus/quarkus-smallrye-context-propagation/2.10.0.Final/quarkus-smallrye-context-propagation-2.10.0.Final.jar:/Users/craigklinker/.m2/repository/io/smallrye/smallrye-context-propagation/1.2.2/smallrye-context-propagation-1.2.2.jar:/Users/craigklinker/.m2/repository/io/smallrye/smallrye-context-propagation-api/1.2.2/smallrye-context-propagation-api-1.2.2.jar:/Users/craigklinker/.m2/repository/io/smallrye/smallrye-context-propagation-storage/1.2.2/smallrye-context-propagation-storage-1.2.2.jar:/Users/craigklinker/.m2/repository/io/smallrye/reactive/mutiny-smallrye-context-propagation/1.5.0/mutiny-smallrye-context-propagation-1.5.0.jar:/Users/craigklinker/.m2/repository/io/quarkus/quarkus-vertx/2.10.0.Final/quarkus-vertx-2.10.0.Final.jar:/Users/craigklinker/.m2/repository/io/quarkus/quarkus-netty/2.10.0.Final/quarkus-netty-2.10.0.Final.jar:/Users/craigklinker/.m2/repository/io/netty/netty-codec/4.1.74.Final/netty-codec-4.1.74.Final.jar:/Users/craigklinker/.m2/repository/io/netty/netty-codec-http/4.1.74.Final/netty-codec-http-4.1.74.Final.jar:/Users/craigklinker/.m2/repository/io/netty/netty-codec-http2/4.1.74.Final/netty-codec-http2-4.1.74.Final.jar:/Users/craigklinker/.m2/repository/io/netty/netty-handler/4.1.74.Final/netty-handler-4.1.74.Final.jar:/Users/craigklinker/.m2/repository/io/netty/netty-tcnative-classes/2.0.48.Final/netty-tcnative-classes-2.0.48.Final.jar:/Users/craigklinker/.m2/repository/io/netty/netty-codec-haproxy/4.1.74.Final/netty-codec-haproxy-4.1.74.Final.jar:/Users/craigklinker/.m2/repository/io/netty/netty-buffer/4.1.74.Final/netty-buffer-4.1.74.Final.jar:/Users/craigklinker/.m2/repository/io/netty/netty-transport/4.1.74.Final/netty-transport-4.1.74.Final.jar:/Users/craigklinker/.m2/repository/io/smallrye/smallrye-fault-tolerance-vertx/5.4.0/smallrye-fault-tolerance-vertx-5.4.0.jar:/Users/craigklinker/.m2/repository/io/quarkus/resteasy/reactive/resteasy-reactive-vertx/2.10.0.Final/resteasy-reactive-vertx-2.10.0.Final.jar:/Users/craigklinker/.m2/repository/io/vertx/vertx-web/4.2.7/vertx-web-4.2.7.jar:/Users/craigklinker/.m2/repository/io/vertx/vertx-web-common/4.2.7/vertx-web-common-4.2.7.jar:/Users/craigklinker/.m2/repository/io/vertx/vertx-auth-common/4.2.7/vertx-auth-common-4.2.7.jar:/Users/craigklinker/.m2/repository/io/vertx/vertx-bridge-common/4.2.7/vertx-bridge-common-4.2.7.jar:/Users/craigklinker/.m2/repository/io/vertx/vertx-core/4.2.7/vertx-core-4.2.7.jar:/Users/craigklinker/.m2/repository/io/netty/netty-common/4.1.74.Final/netty-common-4.1.74.Final.jar:/Users/craigklinker/.m2/repository/io/netty/netty-handler-proxy/4.1.74.Final/netty-handler-proxy-4.1.74.Final.jar:/Users/craigklinker/.m2/repository/io/netty/netty-codec-socks/4.1.74.Final/netty-codec-socks-4.1.74.Final.jar:/Users/craigklinker/.m2/repository/io/netty/netty-resolver/4.1.74.Final/netty-resolver-4.1.74.Final.jar:/Users/craigklinker/.m2/repository/io/netty/netty-resolver-dns/4.1.74.Final/netty-resolver-dns-4.1.74.Final.jar:/Users/craigklinker/.m2/repository/io/netty/netty-codec-dns/4.1.74.Final/netty-codec-dns-4.1.74.Final.jar:/Users/craigklinker/.m2/repository/com/fasterxml/jackson/core/jackson-core/2.13.3/jackson-core-2.13.3.jar:/Users/craigklinker/.m2/repository/io/smallrye/reactive/smallrye-mutiny-vertx-core/2.22.0/smallrye-mutiny-vertx-core-2.22.0.jar:/Users/craigklinker/.m2/repository/io/smallrye/reactive/smallrye-mutiny-vertx-runtime/2.22.0/smallrye-mutiny-vertx-runtime-2.22.0.jar:/Users/craigklinker/.m2/repository/io/smallrye/reactive/vertx-mutiny-generator/2.22.0/vertx-mutiny-generator-2.22.0.jar:/Users/craigklinker/.m2/repository/io/vertx/vertx-codegen/4.2.7/vertx-codegen-4.2.7.jar:/Users/craigklinker/.m2/repository/io/quarkus/resteasy/reactive/resteasy-reactive/2.10.0.Final/resteasy-reactive-2.10.0.Final.jar:/Users/craigklinker/.m2/repository/org/jboss/spec/javax/ws/rs/jboss-jaxrs-api_2.1_spec/2.0.1.Final/jboss-jaxrs-api_2.1_spec-2.0.1.Final.jar:/Users/craigklinker/.m2/repository/org/jboss/logging/commons-logging-jboss-logging/1.0.0.Final/commons-logging-jboss-logging-1.0.0.Final.jar:/Users/craigklinker/.m2/repository/io/quarkus/quarkus-vertx-http/2.10.0.Final/quarkus-vertx-http-2.10.0.Final.jar:/Users/craigklinker/.m2/repository/io/quarkus/quarkus-security-runtime-spi/2.10.0.Final/quarkus-security-runtime-spi-2.10.0.Final.jar:/Users/craigklinker/.m2/repository/io/smallrye/common/smallrye-common-vertx-context/1.12.0/smallrye-common-vertx-context-1.12.0.jar:/Users/craigklinker/.m2/repository/io/smallrye/common/smallrye-common-constraint/1.12.0/smallrye-common-constraint-1.12.0.jar:/Users/craigklinker/.m2/repository/io/quarkus/quarkus-vertx-http-dev-console-runtime-spi/2.10.0.Final/quarkus-vertx-http-dev-console-runtime-spi-2.10.0.Final.jar:/Users/craigklinker/.m2/repository/io/quarkus/security/quarkus-security/1.1.4.Final/quarkus-security-1.1.4.Final.jar:/Users/craigklinker/.m2/repository/io/smallrye/reactive/smallrye-mutiny-vertx-web/2.22.0/smallrye-mutiny-vertx-web-2.22.0.jar:/Users/craigklinker/.m2/repository/io/smallrye/reactive/smallrye-mutiny-vertx-web-common/2.22.0/smallrye-mutiny-vertx-web-common-2.22.0.jar:/Users/craigklinker/.m2/repository/io/smallrye/reactive/smallrye-mutiny-vertx-auth-common/2.22.0/smallrye-mutiny-vertx-auth-common-2.22.0.jar:/Users/craigklinker/.m2/repository/io/smallrye/reactive/smallrye-mutiny-vertx-bridge-common/2.22.0/smallrye-mutiny-vertx-bridge-common-2.22.0.jar:/Users/craigklinker/.m2/repository/io/github/crac/org-crac/0.1.1/org-crac-0.1.1.jar:/Users/craigklinker/.m2/repository/io/quarkus/quarkus-jsonp/2.10.0.Final/quarkus-jsonp-2.10.0.Final.jar:/Users/craigklinker/.m2/repository/org/glassfish/jakarta.json/1.1.6/jakarta.json-1.1.6.jar:/Users/craigklinker/.m2/repository/io/quarkus/quarkus-junit5/2.10.0.Final/quarkus-junit5-2.10.0.Final.jar:/Users/craigklinker/.m2/repository/io/quarkus/quarkus-bootstrap-core/2.10.0.Final/quarkus-bootstrap-core-2.10.0.Final.jar:/Users/craigklinker/.m2/repository/io/quarkus/quarkus-bootstrap-app-model/2.10.0.Final/quarkus-bootstrap-app-model-2.10.0.Final.jar:/Users/craigklinker/.m2/repository/io/quarkus/quarkus-bootstrap-maven-resolver/2.10.0.Final/quarkus-bootstrap-maven-resolver-2.10.0.Final.jar:/Users/craigklinker/.m2/repository/org/apache/maven/maven-embedder/3.8.4/maven-embedder-3.8.4.jar:/Users/craigklinker/.m2/repository/org/apache/maven/maven-settings/3.8.4/maven-settings-3.8.4.jar:/Users/craigklinker/.m2/repository/org/apache/maven/maven-core/3.8.4/maven-core-3.8.4.jar:/Users/craigklinker/.m2/repository/org/apache/maven/maven-artifact/3.8.4/maven-artifact-3.8.4.jar:/Users/craigklinker/.m2/repository/org/codehaus/plexus/plexus-component-annotations/2.1.0/plexus-component-annotations-2.1.0.jar:/Users/craigklinker/.m2/repository/org/apache/maven/maven-plugin-api/3.8.4/maven-plugin-api-3.8.4.jar:/Users/craigklinker/.m2/repository/org/apache/maven/maven-model/3.8.4/maven-model-3.8.4.jar:/Users/craigklinker/.m2/repository/org/apache/maven/maven-model-builder/3.8.4/maven-model-builder-3.8.4.jar:/Users/craigklinker/.m2/repository/org/apache/maven/maven-builder-support/3.8.4/maven-builder-support-3.8.4.jar:/Users/craigklinker/.m2/repository/org/apache/maven/resolver/maven-resolver-api/1.6.3/maven-resolver-api-1.6.3.jar:/Users/craigklinker/.m2/repository/org/apache/maven/resolver/maven-resolver-util/1.6.3/maven-resolver-util-1.6.3.jar:/Users/craigklinker/.m2/repository/org/apache/maven/shared/maven-shared-utils/3.3.4/maven-shared-utils-3.3.4.jar:/Users/craigklinker/.m2/repository/commons-io/commons-io/2.11.0/commons-io-2.11.0.jar:/Users/craigklinker/.m2/repository/com/google/inject/guice/4.2.2/guice-4.2.2-no_aop.jar:/Users/craigklinker/.m2/repository/com/google/guava/guava/31.1-jre/guava-31.1-jre.jar:/Users/craigklinker/.m2/repository/com/google/guava/failureaccess/1.0.1/failureaccess-1.0.1.jar:/Users/craigklinker/.m2/repository/org/codehaus/plexus/plexus-classworlds/2.6.0/plexus-classworlds-2.6.0.jar:/Users/craigklinker/.m2/repository/org/codehaus/plexus/plexus-sec-dispatcher/2.0/plexus-sec-dispatcher-2.0.jar:/Users/craigklinker/.m2/repository/org/codehaus/plexus/plexus-cipher/2.0/plexus-cipher-2.0.jar:/Users/craigklinker/.m2/repository/commons-cli/commons-cli/1.4/commons-cli-1.4.jar:/Users/craigklinker/.m2/repository/org/eclipse/sisu/org.eclipse.sisu.plexus/0.3.5/org.eclipse.sisu.plexus-0.3.5.jar:/Users/craigklinker/.m2/repository/org/apache/maven/maven-settings-builder/3.8.4/maven-settings-builder-3.8.4.jar:/Users/craigklinker/.m2/repository/org/codehaus/plexus/plexus-interpolation/1.26/plexus-interpolation-1.26.jar:/Users/craigklinker/.m2/repository/org/apache/maven/maven-resolver-provider/3.8.4/maven-resolver-provider-3.8.4.jar:/Users/craigklinker/.m2/repository/org/apache/maven/maven-repository-metadata/3.8.4/maven-repository-metadata-3.8.4.jar:/Users/craigklinker/.m2/repository/org/apache/maven/resolver/maven-resolver-spi/1.6.3/maven-resolver-spi-1.6.3.jar:/Users/craigklinker/.m2/repository/org/apache/maven/resolver/maven-resolver-impl/1.6.3/maven-resolver-impl-1.6.3.jar:/Users/craigklinker/.m2/repository/org/codehaus/plexus/plexus-utils/3.3.0/plexus-utils-3.3.0.jar:/Users/craigklinker/.m2/repository/org/apache/maven/resolver/maven-resolver-connector-basic/1.6.3/maven-resolver-connector-basic-1.6.3.jar:/Users/craigklinker/.m2/repository/org/apache/maven/resolver/maven-resolver-transport-wagon/1.6.3/maven-resolver-transport-wagon-1.6.3.jar:/Users/craigklinker/.m2/repository/org/apache/maven/wagon/wagon-http/3.4.3/wagon-http-3.4.3.jar:/Users/craigklinker/.m2/repository/org/apache/maven/wagon/wagon-http-shared/3.4.3/wagon-http-shared-3.4.3.jar:/Users/craigklinker/.m2/repository/org/jsoup/jsoup/1.14.2/jsoup-1.14.2.jar:/Users/craigklinker/.m2/repository/org/apache/maven/wagon/wagon-provider-api/3.4.3/wagon-provider-api-3.4.3.jar:/Users/craigklinker/.m2/repository/org/apache/maven/wagon/wagon-file/3.4.3/wagon-file-3.4.3.jar:/Users/craigklinker/.m2/repository/io/quarkus/quarkus-bootstrap-gradle-resolver/2.10.0.Final/quarkus-bootstrap-gradle-resolver-2.10.0.Final.jar:/Users/craigklinker/.m2/repository/io/smallrye/common/smallrye-common-io/1.12.0/smallrye-common-io-1.12.0.jar:/Users/craigklinker/.m2/repository/org/eclipse/sisu/org.eclipse.sisu.inject/0.3.5/org.eclipse.sisu.inject-0.3.5.jar:/Users/craigklinker/.m2/repository/io/quarkus/quarkus-test-common/2.10.0.Final/quarkus-test-common-2.10.0.Final.jar:/Users/craigklinker/.m2/repository/io/quarkus/quarkus-core-deployment/2.10.0.Final/quarkus-core-deployment-2.10.0.Final.jar:/Users/craigklinker/.m2/repository/org/aesh/readline/2.2/readline-2.2.jar:/Users/craigklinker/.m2/repository/org/fusesource/jansi/jansi/1.18/jansi-1.18.jar:/Users/craigklinker/.m2/repository/org/aesh/aesh/2.6/aesh-2.6.jar:/Users/craigklinker/.m2/repository/io/quarkus/gizmo/gizmo/1.0.11.Final/gizmo-1.0.11.Final.jar:/Users/craigklinker/.m2/repository/org/ow2/asm/asm-util/9.3/asm-util-9.3.jar:/Users/craigklinker/.m2/repository/org/ow2/asm/asm/9.3/asm-9.3.jar:/Users/craigklinker/.m2/repository/org/ow2/asm/asm-commons/9.3/asm-commons-9.3.jar:/Users/craigklinker/.m2/repository/org/ow2/asm/asm-tree/9.3/asm-tree-9.3.jar:/Users/craigklinker/.m2/repository/org/ow2/asm/asm-analysis/9.3/asm-analysis-9.3.jar:/Users/craigklinker/.m2/repository/io/quarkus/quarkus-class-change-agent/2.10.0.Final/quarkus-class-change-agent-2.10.0.Final.jar:/Users/craigklinker/.m2/repository/io/quarkus/quarkus-devtools-utilities/2.10.0.Final/quarkus-devtools-utilities-2.10.0.Final.jar:/Users/craigklinker/.m2/repository/io/quarkus/quarkus-builder/2.10.0.Final/quarkus-builder-2.10.0.Final.jar:/Users/craigklinker/.m2/repository/org/junit/platform/junit-platform-launcher/1.8.2/junit-platform-launcher-1.8.2.jar:/Users/craigklinker/.m2/repository/org/jboss/jandex/2.4.2.Final/jandex-2.4.2.Final.jar:/Users/craigklinker/.m2/repository/io/quarkus/quarkus-junit5-properties/2.10.0.Final/quarkus-junit5-properties-2.10.0.Final.jar:/Users/craigklinker/.m2/repository/org/junit/jupiter/junit-jupiter/5.8.2/junit-jupiter-5.8.2.jar:/Users/craigklinker/.m2/repository/org/junit/jupiter/junit-jupiter-api/5.8.2/junit-jupiter-api-5.8.2.jar:/Users/craigklinker/.m2/repository/org/opentest4j/opentest4j/1.2.0/opentest4j-1.2.0.jar:/Users/craigklinker/.m2/repository/org/junit/platform/junit-platform-commons/1.8.2/junit-platform-commons-1.8.2.jar:/Users/craigklinker/.m2/repository/org/apiguardian/apiguardian-api/1.1.2/apiguardian-api-1.1.2.jar:/Users/craigklinker/.m2/repository/org/junit/jupiter/junit-jupiter-params/5.8.2/junit-jupiter-params-5.8.2.jar:/Users/craigklinker/.m2/repository/org/junit/jupiter/junit-jupiter-engine/5.8.2/junit-jupiter-engine-5.8.2.jar:/Users/craigklinker/.m2/repository/org/junit/platform/junit-platform-engine/1.8.2/junit-platform-engine-1.8.2.jar:/Users/craigklinker/.m2/repository/com/thoughtworks/xstream/xstream/1.4.19/xstream-1.4.19.jar:/Users/craigklinker/.m2/repository/io/github/x-stream/mxparser/1.2.2/mxparser-1.2.2.jar:/Users/craigklinker/.m2/repository/xmlpull/xmlpull/1.1.3.1/xmlpull-1.1.3.1.jar:/Users/craigklinker/.m2/repository/io/rest-assured/rest-assured/4.5.1/rest-assured-4.5.1.jar:/Users/craigklinker/.m2/repository/org/codehaus/groovy/groovy/3.0.9/groovy-3.0.9.jar:/Users/craigklinker/.m2/repository/org/codehaus/groovy/groovy-xml/3.0.9/groovy-xml-3.0.9.jar:/Users/craigklinker/.m2/repository/org/apache/httpcomponents/httpclient/4.5.13/httpclient-4.5.13.jar:/Users/craigklinker/.m2/repository/org/apache/httpcomponents/httpcore/4.4.15/httpcore-4.4.15.jar:/Users/craigklinker/.m2/repository/commons-codec/commons-codec/1.15/commons-codec-1.15.jar:/Users/craigklinker/.m2/repository/org/apache/httpcomponents/httpmime/4.5.13/httpmime-4.5.13.jar:/Users/craigklinker/.m2/repository/org/hamcrest/hamcrest/2.1/hamcrest-2.1.jar:/Users/craigklinker/.m2/repository/org/ccil/cowan/tagsoup/tagsoup/1.2.1/tagsoup-1.2.1.jar:/Users/craigklinker/.m2/repository/io/rest-assured/json-path/4.5.1/json-path-4.5.1.jar:/Users/craigklinker/.m2/repository/org/codehaus/groovy/groovy-json/3.0.9/groovy-json-3.0.9.jar:/Users/craigklinker/.m2/repository/io/rest-assured/rest-assured-common/4.5.1/rest-assured-common-4.5.1.jar:/Users/craigklinker/.m2/repository/io/rest-assured/xml-path/4.5.1/xml-path-4.5.1.jar:/Users/craigklinker/.m2/repository/org/apache/commons/commons-lang3/3.12.0/commons-lang3-3.12.0.jar:"/>
    <property name="sun.cpu.endian" value="little"/>
    <property name="user.home" value="/Users/craigklinker"/>
    <property name="user.language" value="en"/>
    <property name="java.specification.vendor" value="Oracle Corporation"/>
    <property name="io.netty.allocator.maxOrder" value="3"/>
    <property name="java.version.date" value="2020-04-14"/>
    <property name="java.home" value="/Users/craigklinker/Library/Java/JavaVirtualMachines/openjdk-14.0.1/Contents/Home"/>
    <property name="file.separator" value="/"/>
    <property name="basedir" value="/Users/craigklinker/GitHub/restGen"/>
    <property name="java.vm.compressedOopsMode" value="Zero based"/>
    <property name="line.separator" value="&#10;"/>
    <property name="java.vm.specification.vendor" value="Oracle Corporation"/>
    <property name="java.specification.name" value="Java Platform API Specification"/>
    <property name="surefire.real.class.path" value="/Users/craigklinker/GitHub/restGen/target/surefire/surefirebooter-20220625174349486_3.jar"/>
    <property name="sun.management.compiler" value="HotSpot 64-Bit Tiered Compilers"/>
    <property name="ftp.nonProxyHosts" value="local|*.local|169.254/16|*.169.254/16"/>
    <property name="java.runtime.version" value="14.0.1+7"/>
    <property name="user.name" value="craigklinker"/>
    <property name="path.separator" value=":"/>
    <property name="os.version" value="10.16"/>
    <property name="java.runtime.name" value="OpenJDK Runtime Environment"/>
    <property name="file.encoding" value="UTF-8"/>
    <property name="java.vm.name" value="OpenJDK 64-Bit Server VM"/>
    <property name="localRepository" value="/Users/craigklinker/.m2/repository"/>
    <property name="java.vendor.url.bug" value="https://bugreport.java.com/bugreport/"/>
    <property name="java.io.tmpdir" value="/var/folders/1j/667jz6y14pngyq9fmysb49mc0000gn/T/"/>
    <property name="quarkus.log.file.path" value="target/quarkus.log"/>
    <property name="java.version" value="14.0.1"/>
    <property name="java.util.concurrent.ForkJoinPool.common.threadFactory" value="io.quarkus.bootstrap.forkjoin.QuarkusForkJoinWorkerThreadFactory"/>
    <property name="user.dir" value="/Users/craigklinker/GitHub/restGen"/>
    <property name="os.arch" value="x86_64"/>
    <property name="java.vm.specification.name" value="Java Virtual Machine Specification"/>
    <property name="vertx.disableDnsResolver" value="true"/>
    <property name="java.util.logging.manager" value="org.jboss.logmanager.LogManager"/>
    <property name="java.library.path" value="/Users/craigklinker/Library/Java/Extensions:/Library/Java/Extensions:/Network/Library/Java/Extensions:/System/Library/Java/Extensions:/usr/lib/java:."/>
    <property name="java.vm.info" value="mixed mode, sharing"/>
    <property name="java.vendor" value="Oracle Corporation"/>
    <property name="vertx.disableTCCL" value="true"/>
    <property name="java.vm.version" value="14.0.1+7"/>
    <property name="sun.io.unicode.encoding" value="UnicodeBig"/>
    <property name="io.netty.machineId" value="99:4b:3a:2c:0f:e1:8b:37"/>
    <property name="socksNonProxyHosts" value="local|*.local|169.254/16|*.169.254/16"/>
    <property name="java.class.version" value="58.0"/>
  </properties>
  <testcase name="testHelloEndpoint" classname="org.acme.GreetingResourceTest" time="0.975">
    <system-out><![CDATA[2022-06-25 17:43:50,948 INFO  [org.jbo.threads] (main) JBoss Threads version 3.4.2.Final
2022-06-25 17:43:51,937 INFO  [io.quarkus] (main) restGen 1.0.0-SNAPSHOT on JVM (powered by Quarkus 2.10.0.Final) started in 1.380s. Listening on: http://localhost:8081
2022-06-25 17:43:51,937 INFO  [io.quarkus] (main) Profile test activated. 
2022-06-25 17:43:51,937 INFO  [io.quarkus] (main) Installed features: [cdi, resteasy-reactive, smallrye-context-propagation, vertx]
]]></system-out>
  </testcase>
</testsuite>